[153 188 130 211 38 17 71 240 53 236 170 192 238 210 116 76 14 93 144 141 144 61 78 64 112 211 245 231 114 133 32 197 240 88 167 197 204 15 2 82 240 255 56 44 190 229 159 69 1 62 231 226 40 172 211 14 251 229 82 64 210 16 224 50 70 229 158 56 54 187 31 98 21 21 241 63 228 175 244 128 179 30 250 248 70 54 202 107 172 15 78 176 49 166 120 226 9 214 65 244 27 117 200 147 240 72 83 205 68 87 64 68 227 170 35 29 200 146 129 185 167 139 13 72 112 129 252 89 123 185 220 105 45 46 210 182 87 246 123 33 76 229 211 132 118 7 110 67 187 87 229 133 175 255 228 180 83 132 148 113 195 152 1 61 65 74 245 120 46 59 75 48 1 114 69 31 216 120 127 62 60 220 52 38 211 81 103 192 175 79 190 247 219 223 52 92 79 79 131 71 226 122 191 109 247 217 254 20 145 60 93 217 122 188 177 252 227 73 93 212 192 167 148 124 134 20 61 193 225 190 20 97 79 57 78 226 210 75 242 109 173 191 189 36 188 164 69 145 221 178 59 71 110 173 174 239]
[141 186 210 8 40 60 87 112 203 56 42 40 62 8 212 196 169 193 9 248 116 124 1 93 100 8 229 155 79 7 130 239 39 106 230 65 159 185 30 54 58 22 136 41 241 44 217 27 38 11 134 201 41 62 223 169 225 78 196 199 127 17 150 100 73 1 129 220 137 24 255 161 104 112 139 170 23 153 80 17 118 185 190 203 231 156 0 75 209 170 96 168 101 124 14 64 194 78 90 85 85 231 163 57 147 27 165 118 231 22 162 71 202 42 165 82 83 163 52 67 111 72 78 125 217 88 57 21 202 253 158 65 237 109 126 89 61 225 126 175 69 232 61 144 25 17 214 139 195 98 92 165 242 179 136 16 239 182 103 76 69 234 229 10 93 75 53 251 78 11 33 248 150 72 76 199 170 170 36 234 7 105 227 57 142 25 109 21 106 189 189 113 74 252 92 216 47 178 26 105 218 223 127 212 99 221 161 215 57 32 33 229 21 254 229 121 218 131 92 139 170 233 66 140 23 75 82 176 38 9 125 231 152 80 120 26 88 49 157 151 151 58 143 94 98 209 24 186 92 213 44 225 235 20 209 110]
[136 49 227 253 194 32 54 94 189 106 126 65 255 118 149 9 19 196 185 1 115 89 55 183 203 72 141 193 48 238 140 210 16 200 100 112 156 195 231 36 94 175 37 62 254 138 132 54 24 155 41 94 75 130 90 112 77 172 163 146 148 122 18 161 52 230 133 156 244 44 213 57 43 32 175 19 207 205 11 13 233 4 200 142 136 121 56 238 61 250 162 113 6 217 21 117 123 84 246 103 144 92 97 96 73 65 72 25 55 55 140 121 205 98 44 198 114 171 135 208 234 225 130 15 216 192 136 95 167 156 110 184 211 200 166 52 234 128 170 217 43 121 74 83 19 135 209 86 228 15 81 236 52 250 199 166 184 224 59 244 67 93 58 169 214 102 74 220 17 57 118 229 225 14 25 169 172 232 32 81 10 165 90 65 213 105 83 20 133 178 165 128 121 21 28 3 32 141 157 80 198 63 159 39 177 92 211 176 117 20 129 31 158 1 194 228 214 45 86 139 246 80 104 95 62 166 203 4 93 64 135 96 112 169 68 45 159 15 231 139 108 49 21 148 113 209 215 59 104 1 250 151 15 223 57 7]
[148 67 128 105 240 212 245 62 56 195 151 160 184 67 37 15 51 216 177 6 123 230 52 224 136 124 86 15 210 0 228 159 42 252 246 218 217 248 211 7 169 199 53 210 150 244 43 55 64 164 154 96 152 8 202 97 227 24 33 136 216 249 23 125 66 203 32 51 177 150 115 44 171 19 106 55 45 187 158 60 75 252 229 46 188 15 123 98 19 144 248 84 64 9 27 154 103 160 152 174 6 251 129 209 255 25 208 172 214 175 216 225 31 248 242 204 44 69 42 23 214 116 236 123 182 42 233 42 61 82 72 20 235 108 219 154 245 5 101 166 158 149 30 183 163 249 0 22 225 168 168 59 233 2 43 90 128 108 14 112 182 139 35 255 186 22 251 67 147 218 123 206 200 179 125 250 0 171 245 181 153 160 138 233 79 135 227 182 141 240 74 244 193 236 85 204 192 215 114 210 126 14 49 246 75 46 8 29 67 197 176 224 242 47 143 116 193 126 242 193 21 17 90 120 169 109 181 163 146 240 216 69 10 32 98 88 228 229 208 184 54 176 139 52 227 182 151 238 43 167 165 36 159 105 196 30]
[76 36 136 108 19 61 234 110 250 228 53 72 170 207 97 232 172 102 250 132 126 131 70 203 40 35 54 221 91 209 27 80 168 97 128 136 41 69 139 133 116 160 175 203 52 165 97 223 173 120 159 112 38 224 133 95 21 30 150 26 96 131 34 120 24 132 214 203 213 52 10 119 195 101 98 210 140 77 0 98 253 143 48 207 205 79 82 230 105 166 175 80 49 1 198 15 94 216 121 61 226 165 152 136 75 196 75 101 199 104 41 23 143 180 199 250 245 249 249 167 225 95 103 76 239 177 30 78 195 17 142 84 255 122 84 76 24 239 73 222 222 48 136 252 65 161 134 99 228 150 156 142 88 193 241 192 94 179 154 28 79 191 187 126 71 9 78 190 102 198 138 9 235 178 204 125 148 217 48 245 140 62 135 97 111 146 238 226 28 221 92 147 55 67 241 125 58 191 244 124 19 173 27 84 64 168 63 76 167 187 40 196 205 97 218 126 118 20 110 104 165 74 159 44 17 94 77 65 207 52 23 55 193 16 230 95 53 120 202 7 67 139 103 186 123 163 53 24 245 102 94 203 83 110 52 234]
[84 26 104 100 126 244 137 139 18 99 205 127 1 91 227 195 118 73 152 114 25 165 36 168 27 45 130 38 146 107 192 160 39 158 62 183 212 170 135 12 62 83 97 56 97 131 19 221 49 65 138 58 243 102 204 29 221 91 71 85 201 189 161 13 129 152 179 85 77 128 75 69 124 173 235 2 121 207 85 29 93 231 99 217 30 49 152 100 91 251 74 17 137 215 197 157 200 232 154 92 142 3 12 54 216 128 167 19 97 51 89 127 244 248 24 166 219 226 222 208 206 131 116 4 120 243 132 193 164 220 132 172 198 249 188 32 17 69 120 31 86 31 238 191 25 200 23 172 154 62 126 223 5 208 134 10 246 15 2 238 114 166 205 91 36 84 245 2 116 25 108 122 253 99 227 237 62 6 196 152 24 78 78 18 159 115 36 134 141 234 52 202 33 130 246 184 214 112 226 118 210 161 120 55 183 163 27 100 65 178 182 213 68 17 97 99 231 103 49 218 189 131 28 100 239 210 89 197 221 18 208 18 62 242 165 111 83 54 174 214 16 69 143 237 80 76 30 239 125 97 188 107 170 72 133 14]
[161 134 188 172 234 199 199 254 228 4 35 23 186 239 39 46 236 208 134 166 183 179 249 91 45 231 121 39 43 239 86 138 90 71 25 181 143 227 40 56 3 88 99 114 246 74 77 98 250 185 44 7 63 224 174 144 56 216 142 165 8 226 17 128 64 110 23 80 202 236 74 44 27 128 55 161 100 163 38 100 62 79 158 210 160 242 251 85 172 45 153 62 77 0 66 85 117 27 5 10 169 37 176 52 37 90 144 166 8 129 38 191 116 219 236 60 18 85 105 131 228 169 210 81 153 238 161 230 194 253 191 219 202 176 124 121 116 131 241 128 240 230 74 42 197 117 91 28 210 47 245 241 155 22 91 22 97 81 198 28 20 101 206 192 93 24 241 237 120 222 36 129 38 87 44 206 222 152 41 139 134 178 149 132 235 27 235 132 210 168 83 105 223 174 33 98 76 169 190 207 9 92 29 100 98 184 208 40 32 216 249 208 137 20 178 157 168 129 203 150 238 72 197 139 27 132 41 195 144 194 177 221 158 209 200 93 178 124 230 140 254 185 176 123 173 244 196 52 104 229 163 78 36 41 172 242]
[197 115 50 147 236 115 29 126 144 91 94 84 239 200 222 70 176 53 218 75 35 60 244 241 211 208 93 239 90 78 114 129 243 108 134 209 65 64 245 214 250 35 88 104 111 109 12 190 25 119 248 131 36 23 251 179 149 2 247 77 229 178 19 247 69 236 218 20 155 114 205 111 128 69 254 10 147 85 196 226 116 238 148 29 56 109 107 193 37 154 231 125 243 83 232 176 59 156 108 45 214 101 10 170 16 199 243 185 101 226 254 206 185 45 249 181 141 58 7 108 116 154 37 105 215 17 89 83 242 5 146 41 99 205 52 107 92 68 58 228 96 37 121 102 127 179 103 138 26 54 213 150 16 176 155 233 11 20 95 220 146 4 109 233 46 136 87 129 140 47 174 247 187 183 218 76 188 55 28 188 152 135 46 1 221 102 134 235 22 155 163 143 194 23 166 50 150 94 250 32 121 144 176 152 221 232 147 120 228 60 106 94 80 91 215 179 173 203 201 109 85 89 111 58 140 184 230 99 133 206 120 183 128 251 130 64 109 119 1 36 98 134 94 103 142 204 71 120 36 3 10 96 150 186 106 53]
[235 62 178 166 222 142 122 161 212 193 14 231 250 65 237 210 120 228 83 111 172 114 160 75 39 168 136 110 88 94 194 200 214 75 47 116 67 174 220 66 161 167 236 221 16 88 112 183 197 172 97 106 44 78 203 219 7 231 216 151 203 120 136 212 150 176 28 192 194 92 35 71 139 5 57 175 127 88 238 164 247 73 109 191 22 94 146 189 124 136 25 170 138 233 16 216 233 227 130 214 248 122 60 210 180 75 245 246 78 39 241 16 221 252 234 190 153 73 100 42 218 170 190 63 235 133 44 77 215 117 239 13 228 76 128 111 159 239 249 152 189 69 83 107 132 158 114 139 8 209 80 22 16 38 123 1 79 210 72 113 163 200 9 179 155 180 64 146 225 162 162 141 32 75 101 159 44 170 95 244 151 172 215 77 32 140 194 197 35 185 5 81 67 169 51 10 148 84 59 5 200 42 235 151 124 68 117 166 239 32 33 251 222 65 128 38 135 47 187 250 51 94 208 235 253 236 218 3 254 193 30 4 243 169 95 197 5 101 101 252 85 155 254 178 221 226 224 39 20 189 130 14 139 17 191 199]
[30 32 214 237 175 147 63 159 15 136 179 4 104 125 248 248 239 113 217 108 143 68 134 186 246 3 101 118 204 196 175 129 77 107 86 88 65 249 116 164 111 110 211 167 32 227 133 121 175 136 136 241 254 27 82 216 52 220 107 145 11 94 117 196 117 145 110 152 189 107 198 8 26 12 89 208 25 239 15 68 92 171 73 70 100 119 3 186 121 166 82 202 94 243 161 10 236 6 80 1 250 114 188 227 124 98 50 179 96 4 207 69 109 156 135 94 148 159 23 220 89 130 53 179 103 15 215 71 149 16 193 249 61 78 147 238 240 110 239 219 181 238 216 66 243 197 196 94 62 57 105 81 246 90 223 33 234 35 62 131 209 116 167 154 86 10 26 233 190 245 161 31 41 65 105 27 58 27 122 189 215 116 112 94 134 214 95 109 67 22 167 137 214 172 146 170 218 84 99 163 160 24 217 54 133 251 200 130 75 4 239 188 95 28 140 150 36 20 64 35 92 48 110 84 34 55 78 198 82 76 106 240 189 108 91 172 245 203 255 230 216 71 154 41 19 28 127 23 17 212 126 7 157 93 104 51]
{1 {[[3 17 152 242 208 219 84 204 183 220 29 236 210 151 79 127 107 144 169 122 85 76 232 122 184 126 149 219 162 88 83 33 134] [2 231 239 115 23 89 220 233 121 76 246 136 27 59 131 54 66 22 194 228 27 164 148 226 219 55 152 5 44 206 70 1 143] [3 73 34 190 7 252 214 78 198 223 117 209 219 179 111 48 30 28 148 234 3 109 45 33 149 160 164 60 246 250 131 17 146] [2 69 161 153 242 162 249 249 26 67 121 111 220 205 133 9 8 93 252 95 16 216 73 86 63 176 0 197 2 114 242 64 135] [2 238 125 151 179 247 150 234 167 64 239 160 187 120 178 90 194 30 234 171 123 34 113 144 190 236 114 213 217 218 18 142 48] [2 54 217 178 1 191 223 143 71 24 97 114 33 167 216 174 86 2 171 111 159 192 222 251 36 169 59 123 213 70 151 226 184] [2 200 44 119 193 138 103 247 26 24 211 79 102 223 240 153 130 175 7 117 201 50 164 244 243 149 123 182 50 174 205 195 166] [2 253 121 40 81 230 233 31 128 236 0 168 181 35 243 176 51 173 174 221 132 21 167 146 32 89 49 36 96 166 45 100 91] [2 27 72 102 50 15 209 115 185 160 109 150 87 84 20 196 215 9 210 39 113 205 68 199 83 190 136 191 128 191 76 168 158]] [3 231 26 221 190 201 131 20 112 94 255 219 118 200 200 123 179 165 187 0 6 230 139 111 222 51 52 50 237 146 108 143 214] [3 153 91 66 201 63 35 72 59 92 217 81 132 188 148 151 224 241 130 161 210 205 189 169 144 212 203 141 120 127 156 20 225] []}}
{0 {[[3 127 118 132 250 64 79 30 114 144 75 157 117 187 40 29 223 87 218 69 86 52 21 160 180 118 22 28 146 175 124 95 82] [2 90 241 150 62 182 236 188 50 184 133 130 119 151 180 225 0 3 78 250 168 206 195 196 114 44 155 183 7 87 84 251 229] [3 65 164 112 74 119 186 126 183 206 102 87 174 241 182 204 253 66 178 66 53 172 27 208 167 210 3 192 99 239 151 6 21] [2 32 165 127 137 46 205 63 77 105 104 182 148 41 2 168 35 197 113 66 246 118 36 118 170 59 184 112 192 149 115 108 45] [2 37 44 237 77 45 217 161 202 25 31 37 151 224 142 3 157 223 46 208 157 14 234 176 222 239 64 45 136 245 27 70 141] [3 55 78 227 105 112 148 137 212 22 216 5 191 163 66 140 239 205 88 47 3 181 9 33 204 40 206 252 234 38 87 249 141] [3 30 213 216 108 99 217 159 198 77 193 29 46 220 138 175 161 74 73 142 50 141 173 239 76 141 39 161 82 86 16 40 158] [2 174 124 215 78 80 19 49 23 82 17 219 109 128 237 242 190 139 218 198 126 205 211 17 66 19 109 197 62 52 66 18 60] [2 241 27 248 188 132 197 15 21 107 99 23 110 97 75 206 44 181 164 245 126 81 67 63 36 64 174 241 82 20 97 159 182]] [2 50 27 127 243 167 210 226 108 122 194 93 228 156 12 236 130 55 140 1 45 71 164 65 175 80 179 200 67 24 178 219 231] [2 223 196 148 113 0 186 43 132 229 218 160 167 47 149 241 175 165 235 212 92 239 52 66 92 64 21 12 24 253 214 247 35] []}}
{2 {[[2 203 196 210 19 193 31 186 145 211 214 137 200 233 81 170 130 69 50 45 215 107 215 119 60 232 100 237 239 228 8 25 184] [3 191 62 250 73 153 28 171 162 198 192 11 88 7 35 37 251 187 17 243 195 239 255 218 101 117 23 115 173 98 241 20 107] [2 182 177 154 21 140 57 72 168 109 231 145 103 58 226 155 69 134 131 141 189 15 81 13 54 6 72 45 224 91 220 163 59] [3 189 12 223 33 185 247 30 82 176 52 8 176 193 138 43 187 14 247 126 31 205 143 44 227 96 88 14 75 246 240 242 225] [3 95 116 5 255 17 212 253 32 234 120 39 138 154 228 35 15 42 249 4 220 242 225 149 135 223 15 128 200 118 223 52 225] [2 162 237 239 39 213 231 127 202 36 18 224 148 41 177 231 241 154 34 254 29 124 81 33 56 24 211 177 55 108 87 175 118] [3 255 196 103 70 212 111 169 105 176 165 137 227 158 206 127 91 212 179 140 137 209 193 185 52 211 249 65 245 124 235 111 203] [3 158 189 10 240 98 248 182 96 213 12 30 109 61 56 151 72 101 221 150 108 195 178 74 121 74 121 157 21 217 170 228 110] [2 170 143 144 249 233 71 253 139 100 224 197 94 100 162 133 130 207 65 238 20 173 172 247 76 163 220 83 29 36 50 255 228]] [3 48 81 199 114 183 100 11 31 235 61 184 156 128 91 88 71 114 168 135 2 239 17 39 83 14 87 67 215 217 239 95 141] [3 200 110 146 211 213 221 134 158 230 72 190 50 118 196 249 82 158 64 183 251 47 181 31 229 207 234 16 43 67 0 253 108] []}}
{3 {[[3 13 204 153 53 114 78 152 204 71 133 150 142 155 32 65 91 191 9 196 21 203 78 38 133 83 140 73 108 249 99 130 19] [3 200 245 148 158 173 131 29 148 170 92 222 21 79 240 3 4 53 164 120 245 155 18 2 151 35 84 13 173 58 19 220 181] [2 66 178 20 193 7 17 30 228 168 27 222 145 141 141 73 33 160 239 65 86 204 82 36 243 121 25 77 101 44 84 1 27] [3 23 222 91 85 232 60 138 110 159 47 184 149 183 192 93 151 200 19 252 24 255 80 248 34 149 32 32 197 236 166 113 195] [3 111 67 84 37 163 226 35 172 135 206 61 146 132 167 209 81 28 150 207 223 91 27 91 109 222 229 101 80 166 149 74 92] [2 55 32 164 158 135 76 203 147 166 77 28 63 8 103 7 181 221 86 240 59 150 120 119 237 244 113 87 215 40 116 31 250] [2 214 99 87 86 61 20 65 215 114 17 175 244 97 198 57 88 162 56 184 77 89 12 214 157 155 101 149 77 245 205 37 34] [3 90 116 127 37 200 22 37 119 216 47 19 143 8 159 105 127 96 70 157 147 66 93 107 64 129 14 91 175 250 2 109 178] [2 126 171 246 129 126 44 138 75 25 175 130 212 31 2 185 176 6 213 175 189 29 103 1 199 143 187 183 167 87 249 159 120]] [3 61 56 241 204 87 214 18 253 169 63 110 168 248 252 8 162 119 132 43 165 185 148 216 172 154 190 30 108 95 39 15 66] [3 183 97 32 142 162 41 224 158 246 62 182 139 107 154 196 58 169 59 42 185 186 233 156 88 67 71 103 134 143 190 217 101] []}}
{5 {[[2 21 246 130 170 106 60 160 71 245 134 182 240 65 97 250 231 28 38 155 117 76 126 240 164 73 123 187 95 51 81 25 61] [3 233 105 87 73 135 165 52 147 75 14 159 66 98 43 119 112 130 28 122 88 133 85 160 209 137 214 7 193 229 13 130 52] [3 65 117 128 81 40 28 199 42 206 49 131 249 104 77 160 92 215 166 47 79 176 114 68 123 22 191 91 161 76 52 121 151] [3 242 19 18 235 204 234 109 128 161 212 112 75 216 32 161 149 91 20 81 241 52 160 31 36 62 27 199 142 106 45 95 244] [2 133 24 100 43 94 122 119 247 179 68 179 198 80 23 117 82 93 254 102 82 171 68 215 177 87 181 135 24 102 93 235 254] [3 90 226 153 60 50 225 95 29 177 89 180 119 39 23 150 61 90 91 226 32 208 200 59 145 73 240 159 197 113 138 70 134] [2 176 75 110 212 114 185 6 5 236 64 156 90 192 106 213 28 251 18 20 202 115 129 144 172 217 51 85 220 131 144 8 170] [3 141 40 216 90 83 62 251 226 79 157 40 183 228 79 58 176 71 248 48 180 70 89 175 31 228 178 215 194 5 9 44 8] [2 126 169 74 102 250 65 64 35 222 54 206 28 243 8 220 116 215 18 11 88 255 97 12 228 193 171 52 18 24 185 170 196]] [3 194 39 128 1 93 136 22 243 228 186 134 170 0 252 211 60 92 82 37 230 132 251 159 49 27 148 214 37 7 108 71 107] [3 113 171 70 0 26 139 210 109 143 223 221 216 219 251 228 187 79 62 163 12 77 29 184 14 3 49 205 217 89 0 183 251] []}}
{4 {[[3 154 35 78 84 120 166 127 250 194 206 168 35 83 23 134 82 205 195 92 102 0 47 119 236 72 238 11 147 170 118 218 67] [2 202 205 101 70 67 243 110 73 125 24 79 24 82 14 68 9 39 139 195 49 15 133 4 182 222 49 4 67 171 28 42 170] [2 139 202 232 59 221 132 73 192 148 131 181 15 103 213 6 53 62 151 181 74 204 243 19 143 91 82 45 165 209 131 145 9] [3 21 170 254 122 143 96 63 79 227 58 41 19 4 215 186 54 154 173 133 141 204 230 156 211 160 250 95 231 72 110 142 17] [3 25 117 192 221 88 85 214 36 238 195 89 111 84 40 148 118 30 138 248 173 143 72 237 9 108 156 136 29 30 171 184 246] [2 102 137 32 114 177 7 156 103 203 246 184 182 67 103 252 204 60 133 161 114 166 210 240 68 183 159 154 216 124 140 6 31] [3 233 220 222 176 242 207 243 180 8 238 140 89 194 196 154 216 32 36 29 221 34 134 188 3 145 200 137 126 165 186 72 182] [3 176 128 22 206 70 90 165 86 134 96 30 150 225 239 7 240 85 98 230 152 220 38 61 1 182 94 170 13 137 54 90 241] [2 102 71 233 73 117 104 9 134 201 129 218 185 231 210 229 80 73 220 5 111 167 92 117 164 31 217 88 48 97 31 128 196]] [2 14 117 135 44 233 219 209 124 134 17 22 200 58 200 105 204 222 134 78 115 82 73 82 131 235 8 207 64 142 33 91 48] [3 208 118 214 194 160 26 117 112 62 251 12 23 44 134 199 102 55 116 80 7 134 18 117 203 112 254 47 233 207 49 230 5] []}}
{6 {[[3 140 215 246 32 101 39 171 68 0 85 32 10 191 8 232 22 221 234 242 35 225 3 191 154 114 157 106 31 201 212 152 224] [3 152 137 17 218 136 137 5 93 92 102 209 221 207 201 84 76 219 29 4 198 142 207 199 240 87 251 182 223 255 223 69 236] [3 177 181 45 73 202 255 174 187 115 69 112 61 244 157 177 247 156 242 232 205 11 5 102 8 244 69 215 201 147 237 208 225] [2 252 210 148 54 104 167 94 39 45 97 82 188 249 123 190 227 155 247 59 111 114 164 34 182 112 14 112 81 218 83 55 142] [2 69 157 51 110 195 243 121 176 109 250 109 104 60 190 132 40 243 18 229 203 73 255 205 56 172 25 167 148 4 14 84 58] [3 45 33 24 118 44 158 227 76 104 3 85 219 169 20 150 155 204 197 202 53 13 234 46 194 182 1 70 70 212 197 156 245] [2 11 125 79 144 90 2 104 100 197 131 156 178 247 233 89 162 206 26 84 6 94 118 140 120 64 98 115 233 186 215 215 210] [3 158 105 138 119 130 188 196 221 251 166 1 151 248 52 134 178 237 218 250 185 111 99 166 100 83 46 116 112 119 254 162 6] [2 154 36 109 50 9 171 153 148 117 93 5 191 177 249 34 59 185 104 243 119 202 68 68 16 10 50 197 230 170 101 249 81]] [2 197 10 162 171 110 72 101 53 16 194 194 136 68 5 152 224 0 59 106 104 116 180 41 10 190 119 143 143 75 135 255 245] [2 30 33 253 211 193 42 204 48 171 116 6 190 118 219 88 2 170 103 232 206 160 175 47 53 162 42 10 37 109 21 177 164] []}}
{7 {[[3 40 35 154 132 183 197 34 182 72 234 181 109 103 3 5 252 255 152 101 178 133 63 119 121 66 222 22 49 87 201 159 199] [2 217 156 33 45 37 230 249 189 218 247 127 122 3 243 83 100 182 83 54 137 195 121 18 23 88 206 74 156 228 181 202 39] [3 225 36 99 105 43 61 127 66 47 201 43 129 21 169 206 64 16 137 170 159 132 46 49 69 152 96 41 121 154 62 159 238] [3 73 0 155 46 77 85 160 124 171 49 84 80 181 145 179 137 53 242 174 137 14 154 150 224 180 84 180 248 250 219 20 145] [2 81 160 32 197 240 63 131 253 164 61 18 221 239 113 132 42 206 68 225 128 70 17 130 56 207 250 18 10 220 86 199 254] [3 64 135 241 199 226 89 170 52 41 95 63 72 166 1 172 229 154 210 165 248 114 143 63 24 178 167 228 158 123 203 181 39] [2 31 210 15 25 89 168 44 207 253 64 9 241 222 151 187 58 188 180 76 234 125 26 106 170 144 58 40 131 245 79 211 37] [3 84 247 239 185 34 210 154 29 1 200 224 5 225 88 207 2 223 131 215 223 78 78 62 45 215 131 23 42 171 116 233 156] [3 241 129 22 62 226 192 237 57 113 50 250 14 94 224 157 63 92 224 108 6 62 158 19 174 201 129 47 105 99 176 12 111]] [3 208 5 83 177 130 164 97 221 154 104 179 231 46 74 137 103 179 187 15 122 136 26 148 157 254 255 25 52 94 185 14 157] [3 0 199 104 171 110 192 137 13 166 190 244 166 156 23 87 157 34 255 199 26 183 143 43 171 22 195 12 173 13 151 198 32] []}}
{8 {[[3 220 106 198 140 164 31 18 179 90 129 185 13 171 168 35 48 206 218 191 22 225 88 110 214 84 125 48 186 70 196 191 9] [3 36 100 99 249 61 181 19 179 31 199 5 236 46 163 103 14 170 181 237 107 220 216 218 124 117 117 94 116 178 207 227 237] [2 248 191 91 58 141 230 132 11 175 73 0 23 93 110 79 105 186 73 62 84 108 135 104 231 208 122 61 123 217 154 20 194] [3 56 92 149 221 54 91 148 152 202 141 47 43 131 210 208 246 128 209 49 123 217 97 26 224 175 159 192 79 38 151 122 32] [3 205 39 212 27 140 230 222 49 172 202 13 107 177 244 133 194 138 73 114 21 84 153 181 33 12 83 99 109 32 221 60 147] [3 235 31 247 236 102 76 131 71 138 222 80 162 83 98 55 102 46 235 162 242 18 92 199 125 52 117 13 35 7 15 72 8] [3 198 49 182 145 226 10 42 112 19 99 53 90 163 122 12 154 239 78 56 211 103 148 116 13 235 92 246 190 132 87 123 244] [3 27 246 56 88 246 28 81 81 98 133 174 101 252 63 0 159 148 175 171 63 72 149 193 135 226 83 113 112 252 54 155 216] [3 43 84 169 206 62 145 133 78 138 174 59 67 64 201 225 81 217 24 36 193 202 76 179 118 251 3 107 29 240 138 50 198]] [2 250 254 167 241 126 220 110 200 200 243 195 65 95 96 164 192 97 50 223 36 253 198 177 159 242 71 156 175 30 229 193 141] [3 122 7 140 114 23 54 113 147 196 40 21 124 34 229 201 153 134 216 160 39 246 183 208 122 215 98 162 4 54 33 95 86] []}}
{9 {[[3 248 99 119 130 176 190 240 105 165 165 130 85 22 236 118 102 38 190 133 114 140 113 149 131 27 140 175 4 207 134 68 226] [2 187 194 172 120 243 73 178 201 255 205 191 127 115 233 132 146 215 150 84 42 202 203 185 96 25 251 244 204 69 125 129 135] [2 242 40 28 193 87 59 83 60 248 166 39 160 151 164 197 56 6 181 53 183 120 38 132 74 186 148 245 231 141 240 243 82] [3 253 111 179 117 196 111 152 64 188 52 124 156 240 147 158 144 56 81 121 228 188 36 65 150 13 65 204 126 7 246 57 141] [3 70 187 38 236 142 181 208 223 100 210 11 178 184 15 141 223 218 143 206 4 142 117 188 10 230 104 84 225 131 19 42 249] [2 0 51 104 244 91 212 215 0 134 28 139 216 148 170 225 96 6 133 156 127 166 108 241 37 140 111 209 70 206 134 114 38] [2 69 31 22 190 36 240 67 43 2 8 220 218 72 19 204 3 66 0 224 78 32 165 173 173 100 152 68 111 145 117 172 252] [2 242 23 110 77 63 133 36 162 30 35 148 75 188 133 74 214 224 243 149 194 222 155 145 186 85 10 91 196 20 53 219 215] [2 235 109 125 55 230 5 67 115 136 181 144 122 138 187 130 149 181 165 34 251 110 199 41 190 169 177 107 12 18 157 73 64]] [3 146 125 52 173 211 28 237 109 166 83 197 138 55 73 48 179 11 24 74 87 113 227 89 206 17 112 59 13 236 160 215 7] [3 161 130 166 51 96 8 199 130 165 81 86 210 163 195 137 62 246 44 107 93 173 126 43 40 30 62 202 117 100 210 160 25] []}}
lock acquired  3
3 shuffling the entries, this is where we generate permuation matrix
Shuffling client 3
lock acquired  5
5 shuffling the entries, this is where we generate permuation matrix
Shuffling client 5
lock acquired  2
2 shuffling the entries, this is where we generate permuation matrix
Shuffling client 2
lock acquired  4
4 shuffling the entries, this is where we generate permuation matrix
Shuffling client 4
lock acquired  8
8 shuffling the entries, this is where we generate permuation matrix
Shuffling client 8
lock acquired  6
6 shuffling the entries, this is where we generate permuation matrix
Shuffling client 6
lock acquired  1
1 shuffling the entries, this is where we generate permuation matrix
Shuffling client 1
lock acquired  0
0 shuffling the entries, this is where we generate permuation matrix
Shuffling client 0
lock acquired  9
9 shuffling the entries, this is where we generate permuation matrix
Shuffling client 9
lock acquired  7
7 shuffling the entries, this is where we generate permuation matrix
Shuffling client 7
Client 7 protocol completed without reveal
{7 0.000329458 0.0004595 0.411779708 0 0 603 2205}
3 found entry
2 found entry
1 found entry
6 found entry
4 found entry
5 found entry
8 found entry
9 found entry
0 found entry
Reveal Successful  3
Reveal Successful  5
Reveal Successful  2
Reveal Successful  1
Reveal Successful  6
Reveal Successful  4
Reveal Successful  8
Reveal Successful  9
Reveal Successful  0
Client 3 protocol completed with reveal
{3 0.0003565 0.000427209 0.071785792 0.001094334 0.000511166 603 2205}
Client 5 protocol completed with reveal
{5 0.000329084 0.000423584 0.081681667 0.001190291 0.000532292 603 2205}
Client 2 protocol completed with reveal
{2 0.000359375 0.000430584 0.094881209 0.001033583 0.000623083 603 2205}
Client 1 protocol completed with reveal
{1 0.000357875 0.000447 0.093519584 0.0012965 0.00059875 603 2205}
Client 6 protocol completed with reveal
{6 0.000331584 0.000419584 0.200879917 0.0011465 0.00060325 603 2205}
Client 4 protocol completed with reveal
{4 0.000434458 0.00043475 1.269336333 0.00158475 0.000626959 603 2205}
Client 8 protocol completed with reveal
{8 0.000366875 0.000415584 0.088753417 0.001096 0.000572083 603 2205}
Client 9 protocol completed with reveal
{9 0.000361833 0.000424417 0.104145917 0.001474875 0.000547167 603 2205}
Client 0 protocol completed with reveal
{0 0.000457167 0.000468 0.629755 0.00098625 0.00057575 603 2205}
lock acquired  4
4 shuffling the entries, this is where we generate permuation matrix
Shuffling client 4
lock acquired  8
8 shuffling the entries, this is where we generate permuation matrix
Shuffling client 8
lock acquired  9
9 shuffling the entries, this is where we generate permuation matrix
Shuffling client 9
lock acquired  0
0 shuffling the entries, this is where we generate permuation matrix
Shuffling client 0
lock acquired  5
5 shuffling the entries, this is where we generate permuation matrix
Shuffling client 5
lock acquired  1
1 shuffling the entries, this is where we generate permuation matrix
Shuffling client 1
lock acquired  3
3 shuffling the entries, this is where we generate permuation matrix
Shuffling client 3
lock acquired  2
2 shuffling the entries, this is where we generate permuation matrix
Shuffling client 2
lock acquired  7
7 shuffling the entries, this is where we generate permuation matrix
Shuffling client 7
lock acquired  6
6 shuffling the entries, this is where we generate permuation matrix
Shuffling client 6
Client 6 protocol completed without reveal
{6 [96 203 134 46 108 63 49 89 190 96 85 35 175 84 106 209 237 133 214 107 38 8 57 191 106 193 82 243 218 30 118 97 226 225 86 241 6 101 140 171 106 130 251 201 90 168 22 206 165 157 93 68 238 207 154 149 184 81 126 185 177 101 180 92 231 234 189 79 27 116 77 91 201 99 56 21 213 235 134 217 84 211 148 57 187 68 176 43 88 175 110 73 38 78 83 192 188 141 90 148 0 32 136 167 166 19 205 1 134 187 227 63 93 141 32 226 80 255 106 63 73 81 119 118 48 35 3 76 63 207 118 87 240 144 204 12 14 213 160 14 129 24 163 122 142 200 199 230 188 136 80 34 157 133 195 42 100 233 210 89 161 180 143 150 37 147 182 51 73 206 157 76 203 221 166 56 127 190 237 194 15 27 192 122 121 45 49 233 68 68 135 87 120 228 153 151 72 146 215 126 116 134 191 206 132 90 1 151 168 58 5 94 177 110 87 222 134 21 150 195 104 155 241 96 6 25 127 48 10 43 60 185 196 152 175 28 191 121 253 56 29 77 170 44 189 195 230 204 66 186 94 254 97 33 166 10] 0.000692709 0.000447833 0.099657459 0 0 62830 28128}
8 found entry
4 found entry
0 found entry
5 found entry
9 found entry
7 found entry
1 found entry
3 found entry
2 found entry
Reveal Successful  5
Reveal Successful  4
Reveal Successful  0
Reveal Successful  8
Reveal Successful  1
Reveal Successful  9
Reveal Successful  3
Reveal Successful  7
Reveal Successful  2
Client 4 protocol completed with reveal
{4 [203 118 36 61 172 217 142 25 193 155 74 91 40 88 142 192 216 79 142 161 180 203 236 25 143 25 172 137 115 93 220 95 149 28 1 117 85 39 27 21 131 181 166 144 103 169 117 233 86 211 27 43 34 91 198 14 152 210 188 18 124 68 92 43 81 54 45 93 62 123 135 168 110 24 31 192 54 141 189 12 160 87 129 212 136 86 85 136 244 26 247 210 3 161 20 234 223 26 157 151 212 87 26 43 199 68 140 2 1 89 39 58 143 135 143 130 115 135 119 4 25 94 93 91 202 219 48 122 161 253 61 117 134 167 247 94 153 116 38 149 222 191 211 0 220 59 36 193 1 34 221 237 137 254 184 103 77 73 22 193 215 249 121 57 61 168 119 136 233 112 125 169 210 227 194 124 59 45 160 190 168 244 211 150 121 22 217 124 175 118 20 203 208 207 35 226 228 45 0 169 163 96 164 44 179 38 199 242 240 33 116 6 173 82 65 214 57 52 3 91 112 151 222 42 141 132 102 161 76 9 224 6 88 247 206 213 68 144 132 143 178 193 109 198 173 179 32 140 42 119 175 0 148 25 20 79] 0.000620959 0.000419417 0.070933458 0.00099975 0.000506417 58682 81121}
Client 0 protocol completed with reveal
{0 [138 252 177 33 106 73 182 50 117 226 73 209 120 134 0 192 118 18 224 186 118 159 76 163 121 188 14 243 244 153 141 13 53 230 93 2 162 146 79 250 118 95 55 73 135 141 180 49 69 232 61 156 38 161 125 21 30 62 125 31 4 164 91 56 82 33 22 6 106 120 213 231 67 8 156 1 4 217 154 170 177 174 168 160 118 43 243 62 204 229 92 109 80 55 195 236 91 82 243 56 87 210 200 246 30 5 116 36 107 8 255 98 223 232 199 135 81 11 39 200 23 40 251 127 143 69 112 98 108 130 82 234 18 47 254 219 123 79 143 77 139 255 198 148 35 105 241 16 68 113 117 41 127 65 49 231 156 160 31 204 114 96 193 19 20 105 155 170 195 87 234 187 47 210 143 182 144 76 223 248 201 95 228 238 222 186 42 152 122 192 201 39 62 109 43 178 158 168 3 31 10 198 206 213 131 39 31 222 50 236 178 83 226 102 150 235 231 116 19 91 49 154 56 234 215 134 106 49 155 88 13 146 37 166 88 176 105 208 239 85 203 225 219 111 222 5 192 189 128 138 118 71 135 50 254 209] 0.000659041 0.000432834 0.117925625 0.001419375 0.000499875 60415 82525}
Client 8 protocol completed with reveal
{8 [79 145 55 83 241 83 240 60 186 98 42 3 53 4 236 84 20 189 69 214 101 44 218 196 18 201 146 27 127 206 59 89 126 123 130 122 103 85 186 189 60 254 169 133 113 49 168 205 170 131 66 198 238 34 105 153 12 151 33 96 32 57 96 152 97 184 80 102 165 24 101 177 251 229 85 77 120 229 239 206 72 123 235 196 198 170 179 46 173 136 167 223 129 226 50 16 28 76 119 152 231 16 53 194 217 222 95 103 206 130 30 206 205 27 156 196 89 170 236 128 79 138 135 44 29 199 12 28 56 21 52 145 148 232 133 184 166 11 234 157 217 200 9 89 202 106 202 73 70 205 191 2 33 96 169 74 212 15 246 161 13 224 170 83 184 239 129 245 46 26 36 234 223 108 172 82 65 96 4 250 181 169 124 216 76 251 216 79 148 95 31 180 17 123 32 115 97 136 137 17 253 108 172 66 127 251 3 240 72 18 29 112 109 171 225 252 233 251 170 106 60 90 121 234 43 23 171 73 43 215 161 150 155 136 129 3 45 150 65 15 154 199 108 142 83 161 147 202 205 108 32 170 116 198 219 246] 0.000675625 0.000444375 0.941891292 0.0014325 0.000505458 59259 81567}
Client 1 protocol completed with reveal
{1 [187 191 167 77 168 176 198 27 186 170 153 195 73 179 116 208 194 64 240 244 150 13 98 220 71 104 149 47 38 156 74 184 188 69 185 35 134 223 84 104 224 96 56 163 60 45 217 32 222 192 223 139 182 204 125 16 236 246 48 74 105 248 123 150 12 158 249 131 59 247 42 242 134 116 3 252 17 180 23 98 157 145 39 198 156 26 170 25 17 171 97 4 17 192 171 78 165 28 8 47 29 133 55 204 246 227 2 2 248 97 45 10 144 228 108 30 77 159 179 245 169 201 16 129 254 142 203 96 189 190 255 114 222 88 145 98 203 197 246 214 129 19 105 224 30 135 198 243 211 130 15 167 212 166 217 177 39 136 99 86 3 106 239 57 92 144 225 90 70 10 240 101 1 124 230 95 156 235 233 91 247 127 88 180 178 105 40 176 29 95 174 178 14 23 245 236 123 99 117 146 162 160 98 203 81 148 40 196 34 94 82 31 140 80 26 32 68 186 224 96 29 155 199 139 13 159 100 26 172 228 82 166 83 79 73 67 121 12 188 31 137 183 93 173 203 223 31 85 63 155 75 85 123 98 191 29] 0.000642792 0.000433708 0.09235875 0.000971042 0.000494417 61571 83483}
Client 9 protocol completed with reveal
{9 [45 238 224 205 46 29 115 239 220 212 198 93 33 124 165 42 116 219 55 255 170 72 214 192 248 170 152 204 180 115 170 253 32 69 208 162 223 31 253 209 216 3 166 6 146 229 162 255 6 120 142 245 75 157 210 202 85 149 114 97 130 202 34 156 15 156 2 204 56 105 70 193 20 238 181 15 158 126 102 236 197 59 10 116 85 68 216 200 43 155 139 238 164 93 119 33 186 61 70 185 12 125 152 108 210 187 65 99 255 43 233 8 209 114 12 46 47 252 235 164 33 11 93 19 145 156 195 245 45 6 24 240 78 155 105 48 159 205 13 251 250 3 205 82 215 112 99 193 111 152 182 52 46 231 110 150 118 215 165 35 0 84 253 158 36 254 221 142 89 92 172 51 8 156 90 48 37 100 171 201 128 103 5 25 122 216 135 34 223 229 152 229 246 111 10 180 252 155 153 34 45 53 177 88 180 141 227 111 158 183 157 244 219 195 196 126 213 187 95 150 170 191 19 9 24 74 71 73 70 251 111 51 22 196 178 81 3 249 197 3 78 159 147 30 154 108 63 0 17 133 11 67 219 44 190 101] 0.000346916 0.000445833 0.51210125 0.001331959 0.000494166 59842 82046}
Client 5 protocol completed with reveal
{5 [153 144 140 171 69 38 191 167 129 36 197 103 141 103 214 76 32 219 196 84 92 16 132 238 32 53 82 97 81 18 191 83 225 174 177 197 130 55 77 100 58 163 135 102 85 191 77 209 199 247 246 107 235 154 111 218 30 219 173 54 211 174 127 62 74 211 96 193 172 189 197 117 160 245 186 21 144 98 39 153 239 165 127 35 95 21 155 49 221 130 234 132 145 43 169 175 238 114 118 118 5 52 117 127 180 128 40 235 175 160 164 132 229 231 203 8 174 166 133 152 97 18 118 197 58 9 163 172 80 129 9 17 215 180 230 250 171 44 202 149 9 169 127 15 134 137 177 25 195 187 239 82 205 107 17 61 227 94 87 166 213 134 33 3 177 249 251 165 95 35 45 94 228 109 133 49 238 102 219 197 235 32 7 242 179 124 49 246 220 127 81 179 252 80 173 125 6 239 220 71 93 249 35 97 82 122 197 207 115 11 167 45 172 22 140 223 120 112 88 48 32 160 148 124 182 47 230 234 121 139 213 199 233 178 118 51 9 239 252 82 84 83 154 128 147 77 182 9 89 156 49 239 242 13 135 164] 0.00065925 0.000424666 0.117055583 0.00134975 0.000511792 61000 83004}
Client 3 protocol completed with reveal
{3 [68 146 122 42 192 5 14 134 154 222 59 47 88 4 175 116 123 96 245 172 183 141 15 229 253 99 235 1 39 105 65 245 196 96 223 121 70 247 212 180 153 144 16 104 16 200 42 250 142 123 241 138 15 67 182 26 178 220 68 206 98 176 192 38 146 124 225 58 101 2 140 104 149 169 143 16 129 182 17 212 155 161 76 97 118 112 126 161 207 10 61 117 155 215 229 70 122 201 150 124 49 63 7 94 23 101 169 246 127 181 87 144 208 220 54 230 17 204 139 33 82 248 104 54 55 92 27 195 53 118 5 49 108 160 21 144 77 68 4 251 247 65 232 149 54 138 22 91 133 163 140 216 35 81 173 204 211 17 43 122 38 63 8 106 119 42 118 194 50 164 17 240 94 72 136 122 188 108 8 58 16 189 184 41 156 108 5 127 136 109 163 196 195 231 106 13 188 53 233 166 255 242 151 101 199 131 95 250 144 116 154 24 171 22 131 73 192 150 45 133 90 255 229 96 70 42 4 249 39 33 68 100 169 239 115 138 76 248 7 229 71 30 32 151 75 51 8 61 198 157 121 242 68 12 16 90] 0.000653792 0.000432125 0.093174625 0.001285708 0.000600958 62158 83962}
Client 2 protocol completed with reveal
{2 [176 79 107 3 64 193 211 212 244 4 28 169 134 241 139 105 151 193 246 133 233 216 14 200 51 215 34 216 166 144 52 86 231 190 118 179 67 139 36 176 44 52 108 37 94 17 143 242 65 32 96 46 26 222 56 76 72 168 40 17 249 217 185 128 65 161 105 175 64 179 159 79 132 87 25 199 148 237 40 142 74 143 129 196 2 96 117 180 85 153 189 159 137 107 73 204 6 42 178 156 78 34 190 106 254 148 85 126 32 128 239 52 173 238 20 67 198 51 166 189 39 45 193 32 227 175 133 155 105 106 125 66 244 186 141 239 53 10 168 29 147 230 152 73 175 184 20 141 109 111 41 185 226 79 25 44 177 50 194 158 152 224 15 255 111 238 119 81 46 21 3 123 128 68 223 183 41 197 123 116 48 7 140 125 152 40 103 17 154 157 130 58 44 27 40 117 90 138 19 226 127 81 161 254 95 199 159 218 45 179 84 167 218 73 180 34 198 36 88 216 112 14 193 38 103 55 27 213 126 172 192 58 24 8 46 28 4 45 0 217 16 219 86 180 201 75 128 124 76 253 233 71 229 49 147 131] 0.000706208 0.000423084 0.596834708 0.001106708 0.000500959 62736 84441}
Client 7 protocol completed with reveal
{7 [153 30 139 196 150 130 83 235 233 60 93 213 84 164 232 91 92 67 60 139 142 180 102 46 103 118 5 118 181 27 37 137 224 243 238 127 220 64 234 47 144 74 230 239 192 6 157 210 38 214 160 68 161 227 38 25 2 253 88 74 44 59 199 243 139 55 214 48 192 38 21 130 246 211 175 236 88 33 154 197 35 182 123 173 22 208 237 208 77 235 102 109 7 203 56 247 94 115 200 117 110 70 51 212 223 204 208 221 34 50 192 232 100 107 33 195 154 83 130 179 242 225 196 151 3 75 84 231 56 144 180 248 80 149 200 117 194 117 124 20 69 195 30 176 137 169 74 249 31 45 163 142 181 22 82 46 188 44 8 39 66 3 234 135 237 167 172 64 34 207 65 88 115 255 91 52 44 5 119 50 99 99 94 87 63 128 204 229 0 128 234 52 11 251 203 245 12 202 34 227 40 117 224 20 217 78 139 183 150 67 244 181 24 120 198 18 52 4 141 118 79 244 86 166 48 16 78 110 243 167 46 148 128 120 155 156 33 236 77 75 118 11 234 174 155 219 137 37 127 113 170 220 148 31 19 59] 0.000729917 0.000455208 0.385007125 0.001468833 0.000993875 63312 84920}
